[0m22:50:33.630545 [debug] [MainThread]: Sending event: {'category': 'dbt', 'action': 'invocation', 'label': 'start', 'context': [<snowplow_tracker.self_describing_json.SelfDescribingJson object at 0x0000026BC61D82C0>, <snowplow_tracker.self_describing_json.SelfDescribingJson object at 0x0000026BC66F8980>, <snowplow_tracker.self_describing_json.SelfDescribingJson object at 0x0000026BC58D9760>]}


============================== 22:50:33.636033 | 2e01edcf-ff3a-4bea-973e-57f2d8ef196a ==============================
[0m22:50:33.636033 [info ] [MainThread]: Running with dbt=1.9.4
[0m22:50:33.637096 [debug] [MainThread]: running dbt with arguments {'printer_width': '80', 'indirect_selection': 'eager', 'log_cache_events': 'False', 'write_json': 'True', 'partial_parse': 'True', 'cache_selected_only': 'False', 'warn_error': 'None', 'version_check': 'True', 'profiles_dir': 'C:\\Users\\mathi\\.dbt', 'log_path': 'logs', 'fail_fast': 'False', 'debug': 'False', 'use_colors': 'True', 'use_experimental_parser': 'False', 'empty': 'None', 'quiet': 'False', 'no_print': 'None', 'warn_error_options': 'WarnErrorOptions(include=[], exclude=[])', 'static_parser': 'True', 'introspect': 'True', 'invocation_command': 'dbt init', 'target_path': 'None', 'log_format': 'default', 'send_anonymous_usage_stats': 'True'}
[0m22:50:38.728697 [debug] [MainThread]: Starter project path: C:\Users\mathi\Desktop\SUPINFO\4DATA\4data_projet\venv\Lib\site-packages\dbt\include\starter_project
[0m22:50:38.779446 [info ] [MainThread]: 
Your new dbt project "dbt_projet" was created!

For more information on how to configure the profiles.yml file,
please consult the dbt documentation here:

  https://docs.getdbt.com/docs/configure-your-profile

One more thing:

Need help? Don't hesitate to reach out to us via GitHub issues or on Slack:

  https://community.getdbt.com/

Happy modeling!

[0m22:50:38.779446 [info ] [MainThread]: Setting up your profile.
[0m22:51:38.275793 [info ] [MainThread]: Profile dbt_projet written to C:\Users\mathi\.dbt\profiles.yml using target's profile_template.yml and your supplied values. Run 'dbt debug' to validate the connection.
[0m22:51:38.276792 [debug] [MainThread]: Command `dbt init` succeeded at 22:51:38.276792 after 64.82 seconds
[0m22:51:38.277795 [debug] [MainThread]: Sending event: {'category': 'dbt', 'action': 'invocation', 'label': 'end', 'context': [<snowplow_tracker.self_describing_json.SelfDescribingJson object at 0x0000026BC868B6E0>, <snowplow_tracker.self_describing_json.SelfDescribingJson object at 0x0000026BC868B3E0>, <snowplow_tracker.self_describing_json.SelfDescribingJson object at 0x0000026BC91D4D40>]}
[0m22:51:38.278790 [debug] [MainThread]: Flushing usage events
[0m22:51:39.164977 [debug] [MainThread]: An error was encountered while trying to flush usage events
